2022-09-13 14:34:18.275 [main] TRACE no.cantara.jau.mjauu.util.UnZip - Begin unzip /home/steinar/source/cantara/JAU-Updater-App/target/test-classes/jau-updater-test.zip into /home/steinar/source/cantara/JAU-Updater-App/target/test-classes/tmp
2022-09-13 14:34:18.276 [main] TRACE no.cantara.jau.mjauu.util.UnZip - Extracting main/java/ -> /home/steinar/source/cantara/JAU-Updater-App/target/test-classes/tmp/main/java/...
2022-09-13 14:34:18.276 [main] TRACE no.cantara.jau.mjauu.util.UnZip - Extracting main/java/no/ -> /home/steinar/source/cantara/JAU-Updater-App/target/test-classes/tmp/main/java/no/...
2022-09-13 14:34:18.276 [main] TRACE no.cantara.jau.mjauu.util.UnZip - Extracting main/java/no/cantara/ -> /home/steinar/source/cantara/JAU-Updater-App/target/test-classes/tmp/main/java/no/cantara/...
2022-09-13 14:34:18.276 [main] TRACE no.cantara.jau.mjauu.util.UnZip - Extracting main/java/no/cantara/jau/ -> /home/steinar/source/cantara/JAU-Updater-App/target/test-classes/tmp/main/java/no/cantara/jau/...
2022-09-13 14:34:18.276 [main] TRACE no.cantara.jau.mjauu.util.UnZip - Extracting main/java/no/cantara/jau/mjauu/ -> /home/steinar/source/cantara/JAU-Updater-App/target/test-classes/tmp/main/java/no/cantara/jau/mjauu/...
2022-09-13 14:34:18.276 [main] TRACE no.cantara.jau.mjauu.util.UnZip - Extracting main/java/no/cantara/jau/mjauu/JauProperties.java -> /home/steinar/source/cantara/JAU-Updater-App/target/test-classes/tmp/main/java/no/cantara/jau/mjauu/JauProperties.java...
2022-09-13 14:34:18.276 [main] TRACE no.cantara.jau.mjauu.util.UnZip - Extracting main/java/no/cantara/jau/mjauu/JauUpdater.java -> /home/steinar/source/cantara/JAU-Updater-App/target/test-classes/tmp/main/java/no/cantara/jau/mjauu/JauUpdater.java...
2022-09-13 14:34:18.277 [main] TRACE no.cantara.jau.mjauu.util.UnZip - Extracting main/java/no/cantara/jau/mjauu/Main.java -> /home/steinar/source/cantara/JAU-Updater-App/target/test-classes/tmp/main/java/no/cantara/jau/mjauu/Main.java...
2022-09-13 14:34:18.277 [main] TRACE no.cantara.jau.mjauu.util.UnZip - Extracting main/java/no/cantara/jau/mjauu/UnZip.java -> /home/steinar/source/cantara/JAU-Updater-App/target/test-classes/tmp/main/java/no/cantara/jau/mjauu/UnZip.java...
2022-09-13 14:34:18.277 [main] TRACE no.cantara.jau.mjauu.util.UnZip - Extracting main/java/no/cantara/jau/mjauu/Updater.java -> /home/steinar/source/cantara/JAU-Updater-App/target/test-classes/tmp/main/java/no/cantara/jau/mjauu/Updater.java...
2022-09-13 14:34:18.277 [main] TRACE no.cantara.jau.mjauu.util.UnZip - Extracting main/java/no/cantara/jau/mjauu/Util.java -> /home/steinar/source/cantara/JAU-Updater-App/target/test-classes/tmp/main/java/no/cantara/jau/mjauu/Util.java...
2022-09-13 14:34:18.277 [main] TRACE no.cantara.jau.mjauu.util.UnZip - Extracting main/resources/ -> /home/steinar/source/cantara/JAU-Updater-App/target/test-classes/tmp/main/resources/...
2022-09-13 14:34:18.277 [main] TRACE no.cantara.jau.mjauu.util.UnZip - Extracting main/resources/config.properties -> /home/steinar/source/cantara/JAU-Updater-App/target/test-classes/tmp/main/resources/config.properties...
2022-09-13 14:34:18.277 [main] TRACE no.cantara.jau.mjauu.util.UnZip - OK! - /home/steinar/source/cantara/JAU-Updater-App/target/test-classes/jau-updater-test.zip  unzipped successfully
2022-09-13 14:34:18.283 [main] TRACE no.cantara.jau.mjauu.util.FileUtil - Try findByRegEx. customIdFile /home/steinar/source/cantara/JAU-Updater-App/target/test-classes/regex-test.log, customIdRegex \"agentId\"\:\"[0-9]*\"
2022-09-13 14:34:18.286 [main] TRACE no.cantara.jau.mjauu.util.FileUtil - Try findByRegEx. customIdFile null, customIdRegex null
2022-09-13 14:34:18.286 [main] TRACE no.cantara.jau.mjauu.util.FileUtil - Try findByRegEx. customIdFile , customIdRegex 
2022-09-13 14:35:27.582 [main] TRACE no.cantara.jau.mjauu.util.UnZip - Begin unzip /home/steinar/source/cantara/JAU-Updater-App/target/test-classes/jau-updater-test.zip into /home/steinar/source/cantara/JAU-Updater-App/target/test-classes/tmp
2022-09-13 14:35:27.583 [main] TRACE no.cantara.jau.mjauu.util.UnZip - Extracting main/java/ -> /home/steinar/source/cantara/JAU-Updater-App/target/test-classes/tmp/main/java/...
2022-09-13 14:35:27.584 [main] TRACE no.cantara.jau.mjauu.util.UnZip - Extracting main/java/no/ -> /home/steinar/source/cantara/JAU-Updater-App/target/test-classes/tmp/main/java/no/...
2022-09-13 14:35:27.584 [main] TRACE no.cantara.jau.mjauu.util.UnZip - Extracting main/java/no/cantara/ -> /home/steinar/source/cantara/JAU-Updater-App/target/test-classes/tmp/main/java/no/cantara/...
2022-09-13 14:35:27.584 [main] TRACE no.cantara.jau.mjauu.util.UnZip - Extracting main/java/no/cantara/jau/ -> /home/steinar/source/cantara/JAU-Updater-App/target/test-classes/tmp/main/java/no/cantara/jau/...
2022-09-13 14:35:27.584 [main] TRACE no.cantara.jau.mjauu.util.UnZip - Extracting main/java/no/cantara/jau/mjauu/ -> /home/steinar/source/cantara/JAU-Updater-App/target/test-classes/tmp/main/java/no/cantara/jau/mjauu/...
2022-09-13 14:35:27.584 [main] TRACE no.cantara.jau.mjauu.util.UnZip - Extracting main/java/no/cantara/jau/mjauu/JauProperties.java -> /home/steinar/source/cantara/JAU-Updater-App/target/test-classes/tmp/main/java/no/cantara/jau/mjauu/JauProperties.java...
2022-09-13 14:35:27.584 [main] TRACE no.cantara.jau.mjauu.util.UnZip - Extracting main/java/no/cantara/jau/mjauu/JauUpdater.java -> /home/steinar/source/cantara/JAU-Updater-App/target/test-classes/tmp/main/java/no/cantara/jau/mjauu/JauUpdater.java...
2022-09-13 14:35:27.584 [main] TRACE no.cantara.jau.mjauu.util.UnZip - Extracting main/java/no/cantara/jau/mjauu/Main.java -> /home/steinar/source/cantara/JAU-Updater-App/target/test-classes/tmp/main/java/no/cantara/jau/mjauu/Main.java...
2022-09-13 14:35:27.584 [main] TRACE no.cantara.jau.mjauu.util.UnZip - Extracting main/java/no/cantara/jau/mjauu/UnZip.java -> /home/steinar/source/cantara/JAU-Updater-App/target/test-classes/tmp/main/java/no/cantara/jau/mjauu/UnZip.java...
2022-09-13 14:35:27.584 [main] TRACE no.cantara.jau.mjauu.util.UnZip - Extracting main/java/no/cantara/jau/mjauu/Updater.java -> /home/steinar/source/cantara/JAU-Updater-App/target/test-classes/tmp/main/java/no/cantara/jau/mjauu/Updater.java...
2022-09-13 14:35:27.584 [main] TRACE no.cantara.jau.mjauu.util.UnZip - Extracting main/java/no/cantara/jau/mjauu/Util.java -> /home/steinar/source/cantara/JAU-Updater-App/target/test-classes/tmp/main/java/no/cantara/jau/mjauu/Util.java...
2022-09-13 14:35:27.584 [main] TRACE no.cantara.jau.mjauu.util.UnZip - Extracting main/resources/ -> /home/steinar/source/cantara/JAU-Updater-App/target/test-classes/tmp/main/resources/...
2022-09-13 14:35:27.585 [main] TRACE no.cantara.jau.mjauu.util.UnZip - Extracting main/resources/config.properties -> /home/steinar/source/cantara/JAU-Updater-App/target/test-classes/tmp/main/resources/config.properties...
2022-09-13 14:35:27.585 [main] TRACE no.cantara.jau.mjauu.util.UnZip - OK! - /home/steinar/source/cantara/JAU-Updater-App/target/test-classes/jau-updater-test.zip  unzipped successfully
2022-09-13 14:35:27.591 [main] TRACE no.cantara.jau.mjauu.util.FileUtil - Try findByRegEx. customIdFile /home/steinar/source/cantara/JAU-Updater-App/target/test-classes/regex-test.log, customIdRegex \"agentId\"\:\"[0-9]*\"
2022-09-13 14:35:27.594 [main] TRACE no.cantara.jau.mjauu.util.FileUtil - Try findByRegEx. customIdFile null, customIdRegex null
2022-09-13 14:35:27.594 [main] TRACE no.cantara.jau.mjauu.util.FileUtil - Try findByRegEx. customIdFile , customIdRegex 
